<?xml version="1.0" encoding="UTF-8"?>
<!-- Generated by org.testng.reporters.JUnitReportReporter -->
<testsuite hostname="Narayana" failures="0" tests="1" name="testCasses.TC_LoginTest" time="4.747" errors="0" timestamp="2025-08-18T16:30:26 IST" skipped="0">
  <testcase classname="testCasses.TC_LoginTest" name="verify_login" time="4.747"/>
</testsuite> <!-- testCasses.TC_LoginTest -->
