<?xml version="1.0" encoding="UTF-8"?>
<!-- Generated by org.testng.reporters.JUnitReportReporter -->
<testsuite hostname="Narayana" failures="0" tests="1" name="testClass.TC_AccountResgistionTest" time="6.848" errors="0" timestamp="2025-08-14T13:08:46 IST" skipped="0">
  <testcase classname="testClass.TC_AccountResgistionTest" name="verify_account_Register" time="6.848"/>
</testsuite> <!-- testClass.TC_AccountResgistionTest -->
