<?xml version="1.0" encoding="UTF-8"?>
<!-- Generated by org.testng.reporters.JUnitReportReporter -->
<testsuite hostname="Narayana" failures="0" tests="1" name="testCasses.TC_AccountResgistionTest" time="2.127" errors="0" timestamp="2025-08-22T06:55:07 IST" skipped="0">
  <testcase classname="testCasses.TC_AccountResgistionTest" name="verify_account_Register" time="2.127"/>
</testsuite> <!-- testCasses.TC_AccountResgistionTest -->
