<?xml version="1.0" encoding="UTF-8"?>
<!-- Generated by org.testng.reporters.JUnitReportReporter -->
<testsuite hostname="Narayana" failures="0" tests="1" name="testCasses.TC_AccountResgistionTest" time="6.638" errors="0" timestamp="2025-08-19T12:33:06 IST" skipped="0">
  <testcase classname="testCasses.TC_AccountResgistionTest" name="verify_account_Register" time="6.638"/>
</testsuite> <!-- testCasses.TC_AccountResgistionTest -->
